This is pdfTeX, Version 3.14159265-2.6-1.40.16 (TeX Live 2015) (preloaded format=pdflatex 2015.10.14)  12 MAR 2017 13:44
entering extended mode
 restricted \write18 enabled.
 %&-line parsing enabled.
**diff.tex
(./diff.tex
LaTeX2e <2015/01/01>
Babel <3.9l> and hyphenation patterns for 79 languages loaded.
(/usr/local/texlive/2015/texmf-dist/tex/latex/base/article.cls
Document Class: article 2014/09/29 v1.4h Standard LaTeX document class
(/usr/local/texlive/2015/texmf-dist/tex/latex/base/size10.clo
File: size10.clo 2014/09/29 v1.4h Standard LaTeX file (size option)
)
\c@part=\count79
\c@section=\count80
\c@subsection=\count81
\c@subsubsection=\count82
\c@paragraph=\count83
\c@subparagraph=\count84
\c@figure=\count85
\c@table=\count86
\abovecaptionskip=\skip41
\belowcaptionskip=\skip42
\bibindent=\dimen102
) (./iccv.sty
(./eso-pic.sty
Package: eso-pic 2002/11/16 v1.1b eso-pic (RN)
 (./iccv_eso.sty

LaTeX Warning: You have requested package `eso-pic',
               but the package provides `everyshi'.

Package: everyshi 2001/05/15 v3.00 EveryShipout Package (MS)
) (/usr/local/texlive/2015/texmf-dist/tex/latex/graphics/keyval.sty
Package: keyval 2014/10/28 v1.15 key=value parser (DPC)
\KV@toks@=\toks14
))
(/usr/local/texlive/2015/texmf-dist/tex/latex/tools/xspace.sty
Package: xspace 2014/10/28 v1.13 Space after command names (DPC,MH)
)
ICCV 8.5 x 11-Inch Proceedings Style `iccv.sty'.
\@ctmp=\skip43
\@figindent=\skip44
\iccvrulerbox=\box26
\iccvrulercount=\count87
\iccvruleroffset=\dimen103
\cv@lineheight=\dimen104
\cv@boxheight=\dimen105
\cv@tmpbox=\box27
\cv@refno=\count88
\cv@tot=\count89
\cv@tmpc@=\count90
\cv@tmpc=\count91
) (/usr/local/texlive/2015/texmf-dist/tex/latex/psnfss/times.sty
Package: times 2005/04/12 PSNFSS-v9.2a (SPQR) 
)
(/usr/local/texlive/2015/texmf-dist/tex/latex/graphics/epsfig.sty
Package: epsfig 1999/02/16 v1.7a (e)psfig emulation (SPQR)

(/usr/local/texlive/2015/texmf-dist/tex/latex/graphics/graphicx.sty
Package: graphicx 2014/10/28 v1.0g Enhanced LaTeX Graphics (DPC,SPQR)

(/usr/local/texlive/2015/texmf-dist/tex/latex/graphics/graphics.sty
Package: graphics 2014/10/28 v1.0p Standard LaTeX Graphics (DPC,SPQR)

(/usr/local/texlive/2015/texmf-dist/tex/latex/graphics/trig.sty
Package: trig 1999/03/16 v1.09 sin cos tan (DPC)
)
(/usr/local/texlive/2015/texmf-dist/tex/latex/latexconfig/graphics.cfg
File: graphics.cfg 2010/04/23 v1.9 graphics configuration of TeX Live
)
Package graphics Info: Driver file: pdftex.def on input line 94.

(/usr/local/texlive/2015/texmf-dist/tex/latex/pdftex-def/pdftex.def
File: pdftex.def 2011/05/27 v0.06d Graphics/color for pdfTeX

(/usr/local/texlive/2015/texmf-dist/tex/generic/oberdiek/infwarerr.sty
Package: infwarerr 2010/04/08 v1.3 Providing info/warning/error messages (HO)
)
(/usr/local/texlive/2015/texmf-dist/tex/generic/oberdiek/ltxcmds.sty
Package: ltxcmds 2011/11/09 v1.22 LaTeX kernel commands for general use (HO)
)
\Gread@gobject=\count92
))
\Gin@req@height=\dimen106
\Gin@req@width=\dimen107
)
\epsfxsize=\dimen108
\epsfysize=\dimen109
)
(/usr/local/texlive/2015/texmf-dist/tex/latex/amsmath/amsmath.sty
Package: amsmath 2013/01/14 v2.14 AMS math features
\@mathmargin=\skip45

For additional information on amsmath, use the `?' option.
(/usr/local/texlive/2015/texmf-dist/tex/latex/amsmath/amstext.sty
Package: amstext 2000/06/29 v2.01

(/usr/local/texlive/2015/texmf-dist/tex/latex/amsmath/amsgen.sty
File: amsgen.sty 1999/11/30 v2.0
\@emptytoks=\toks15
\ex@=\dimen110
))
(/usr/local/texlive/2015/texmf-dist/tex/latex/amsmath/amsbsy.sty
Package: amsbsy 1999/11/29 v1.2d
\pmbraise@=\dimen111
)
(/usr/local/texlive/2015/texmf-dist/tex/latex/amsmath/amsopn.sty
Package: amsopn 1999/12/14 v2.01 operator names
)
\inf@bad=\count93
LaTeX Info: Redefining \frac on input line 210.
\uproot@=\count94
\leftroot@=\count95
LaTeX Info: Redefining \overline on input line 306.
\classnum@=\count96
\DOTSCASE@=\count97
LaTeX Info: Redefining \ldots on input line 378.
LaTeX Info: Redefining \dots on input line 381.
LaTeX Info: Redefining \cdots on input line 466.
\Mathstrutbox@=\box28
\strutbox@=\box29
\big@size=\dimen112
LaTeX Font Info:    Redeclaring font encoding OML on input line 566.
LaTeX Font Info:    Redeclaring font encoding OMS on input line 567.
\macc@depth=\count98
\c@MaxMatrixCols=\count99
\dotsspace@=\muskip10
\c@parentequation=\count100
\dspbrk@lvl=\count101
\tag@help=\toks16
\row@=\count102
\column@=\count103
\maxfields@=\count104
\andhelp@=\toks17
\eqnshift@=\dimen113
\alignsep@=\dimen114
\tagshift@=\dimen115
\tagwidth@=\dimen116
\totwidth@=\dimen117
\lineht@=\dimen118
\@envbody=\toks18
\multlinegap=\skip46
\multlinetaggap=\skip47
\mathdisplay@stack=\toks19
LaTeX Info: Redefining \[ on input line 2665.
LaTeX Info: Redefining \] on input line 2666.
)
(/usr/local/texlive/2015/texmf-dist/tex/latex/amsfonts/amssymb.sty
Package: amssymb 2013/01/14 v3.01 AMS font symbols

(/usr/local/texlive/2015/texmf-dist/tex/latex/amsfonts/amsfonts.sty
Package: amsfonts 2013/01/14 v3.01 Basic AMSFonts support
\symAMSa=\mathgroup4
\symAMSb=\mathgroup5
LaTeX Font Info:    Overwriting math alphabet `\mathfrak' in version `bold'
(Font)                  U/euf/m/n --> U/euf/b/n on input line 106.
))
(/usr/local/texlive/2015/texmf-dist/tex/latex/float/float.sty
Package: float 2001/11/08 v1.3d Float enhancements (AL)
\c@float@type=\count105
\float@exts=\toks20
\float@box=\box30
\@float@everytoks=\toks21
\@floatcapt=\box31
)
(/usr/local/texlive/2015/texmf-dist/tex/latex/subfigure/subfigure.sty
Package: subfigure 2002/03/15 v2.1.5 subfigure package
\subfigtopskip=\skip48
\subfigcapskip=\skip49
\subfigcaptopadj=\dimen119
\subfigbottomskip=\skip50
\subfigcapmargin=\dimen120
\subfiglabelskip=\skip51
\c@subfigure=\count106
\c@lofdepth=\count107
\c@subtable=\count108
\c@lotdepth=\count109

****************************************
* Local config file subfigure.cfg used *
****************************************
(/usr/local/texlive/2015/texmf-dist/tex/latex/subfigure/subfigure.cfg)
\subfig@top=\skip52
\subfig@bottom=\skip53
)
(/usr/local/texlive/2015/texmf-dist/tex/latex/multirow/multirow.sty
\bigstrutjot=\dimen121
)
(/usr/local/texlive/2015/texmf-dist/tex/latex/tools/array.sty
Package: array 2014/10/28 v2.4c Tabular extension package (FMi)
\col@sep=\dimen122
\extrarowheight=\dimen123
\NC@list=\toks22
\extratabsurround=\skip54
\backup@length=\skip55
)
(/usr/local/texlive/2015/texmf-dist/tex/latex/hyperref/hyperref.sty
Package: hyperref 2012/11/06 v6.83m Hypertext links for LaTeX

(/usr/local/texlive/2015/texmf-dist/tex/generic/oberdiek/hobsub-hyperref.sty
Package: hobsub-hyperref 2012/05/28 v1.13 Bundle oberdiek, subset hyperref (HO)


(/usr/local/texlive/2015/texmf-dist/tex/generic/oberdiek/hobsub-generic.sty
Package: hobsub-generic 2012/05/28 v1.13 Bundle oberdiek, subset generic (HO)
Package: hobsub 2012/05/28 v1.13 Construct package bundles (HO)
Package hobsub Info: Skipping package `infwarerr' (already loaded).
Package hobsub Info: Skipping package `ltxcmds' (already loaded).
Package: ifluatex 2010/03/01 v1.3 Provides the ifluatex switch (HO)
Package ifluatex Info: LuaTeX not detected.
Package: ifvtex 2010/03/01 v1.5 Detect VTeX and its facilities (HO)
Package ifvtex Info: VTeX not detected.
Package: intcalc 2007/09/27 v1.1 Expandable calculations with integers (HO)
Package: ifpdf 2011/01/30 v2.3 Provides the ifpdf switch (HO)
Package ifpdf Info: pdfTeX in PDF mode is detected.
Package: etexcmds 2011/02/16 v1.5 Avoid name clashes with e-TeX commands (HO)
Package etexcmds Info: Could not find \expanded.
(etexcmds)             That can mean that you are not using pdfTeX 1.50 or
(etexcmds)             that some package has redefined \expanded.
(etexcmds)             In the latter case, load this package earlier.
Package: kvsetkeys 2012/04/25 v1.16 Key value parser (HO)
Package: kvdefinekeys 2011/04/07 v1.3 Define keys (HO)
Package: pdftexcmds 2011/11/29 v0.20 Utility functions of pdfTeX for LuaTeX (HO
)
Package pdftexcmds Info: LuaTeX not detected.
Package pdftexcmds Info: \pdf@primitive is available.
Package pdftexcmds Info: \pdf@ifprimitive is available.
Package pdftexcmds Info: \pdfdraftmode found.
Package: pdfescape 2011/11/25 v1.13 Implements pdfTeX's escape features (HO)
Package: bigintcalc 2012/04/08 v1.3 Expandable calculations on big integers (HO
)
Package: bitset 2011/01/30 v1.1 Handle bit-vector datatype (HO)
Package: uniquecounter 2011/01/30 v1.2 Provide unlimited unique counter (HO)
)
Package hobsub Info: Skipping package `hobsub' (already loaded).
Package: letltxmacro 2010/09/02 v1.4 Let assignment for LaTeX macros (HO)
Package: hopatch 2012/05/28 v1.2 Wrapper for package hooks (HO)
Package: xcolor-patch 2011/01/30 xcolor patch
Package: atveryend 2011/06/30 v1.8 Hooks at the very end of document (HO)
Package atveryend Info: \enddocument detected (standard20110627).
Package: atbegshi 2011/10/05 v1.16 At begin shipout hook (HO)
Package: refcount 2011/10/16 v3.4 Data extraction from label references (HO)
Package: hycolor 2011/01/30 v1.7 Color options for hyperref/bookmark (HO)
)
(/usr/local/texlive/2015/texmf-dist/tex/generic/ifxetex/ifxetex.sty
Package: ifxetex 2010/09/12 v0.6 Provides ifxetex conditional
)
(/usr/local/texlive/2015/texmf-dist/tex/latex/oberdiek/auxhook.sty
Package: auxhook 2011/03/04 v1.3 Hooks for auxiliary files (HO)
)
(/usr/local/texlive/2015/texmf-dist/tex/latex/oberdiek/kvoptions.sty
Package: kvoptions 2011/06/30 v3.11 Key value format for package options (HO)
)
\@linkdim=\dimen124
\Hy@linkcounter=\count110
\Hy@pagecounter=\count111

(/usr/local/texlive/2015/texmf-dist/tex/latex/hyperref/pd1enc.def
File: pd1enc.def 2012/11/06 v6.83m Hyperref: PDFDocEncoding definition (HO)
)
\Hy@SavedSpaceFactor=\count112

(/usr/local/texlive/2015/texmf-dist/tex/latex/latexconfig/hyperref.cfg
File: hyperref.cfg 2002/06/06 v1.2 hyperref configuration of TeXLive
)
Package hyperref Info: Option `breaklinks' set `true' on input line 4319.


Package hyperref Warning: Option `letterpaper' is no longer used.

Package hyperref Info: Option `colorlinks' set `true' on input line 4319.
Package hyperref Info: Option `bookmarks' set `false' on input line 4319.
Package hyperref Info: Hyper figures OFF on input line 4443.
Package hyperref Info: Link nesting OFF on input line 4448.
Package hyperref Info: Hyper index ON on input line 4451.
Package hyperref Info: Plain pages OFF on input line 4458.
Package hyperref Info: Backreferencing ON on input line 4461.
Package hyperref Info: Implicit mode ON; LaTeX internals redefined.
Package hyperref Info: Bookmarks OFF on input line 4694.
(/usr/local/texlive/2015/texmf-dist/tex/latex/hyperref/backref.sty
Package: backref 2012/07/25 v1.38 Bibliographical back referencing

(/usr/local/texlive/2015/texmf-dist/tex/latex/oberdiek/rerunfilecheck.sty
Package: rerunfilecheck 2011/04/15 v1.7 Rerun checks for auxiliary files (HO)
Package uniquecounter Info: New unique counter `rerunfilecheck' on input line 2
82.
))
\c@Hy@tempcnt=\count113

(/usr/local/texlive/2015/texmf-dist/tex/latex/url/url.sty
\Urlmuskip=\muskip11
Package: url 2013/09/16  ver 3.4  Verb mode for urls, etc.
)
LaTeX Info: Redefining \url on input line 5041.
\XeTeXLinkMargin=\dimen125
\Fld@menulength=\count114
\Field@Width=\dimen126
\Fld@charsize=\dimen127
Package hyperref Info: Hyper figures OFF on input line 6295.
Package hyperref Info: Link nesting OFF on input line 6300.
Package hyperref Info: Hyper index ON on input line 6303.
Package hyperref Info: backreferencing ON on input line 6308.
Package hyperref Info: Link coloring ON on input line 6313.
Package hyperref Info: Link coloring with OCG OFF on input line 6320.
Package hyperref Info: PDF/A mode OFF on input line 6325.
LaTeX Info: Redefining \ref on input line 6365.
LaTeX Info: Redefining \pageref on input line 6369.
\Hy@abspage=\count115
\c@Item=\count116
\c@Hfootnote=\count117
)

Package hyperref Message: Driver (autodetected): hpdftex.

(/usr/local/texlive/2015/texmf-dist/tex/latex/hyperref/hpdftex.def
File: hpdftex.def 2012/11/06 v6.83m Hyperref driver for pdfTeX
\Fld@listcount=\count118
\c@bookmark@seq@number=\count119
\Hy@SectionHShift=\skip56
)
(/usr/local/texlive/2015/texmf-dist/tex/generic/ulem/ulem.sty
\UL@box=\box32
\UL@hyphenbox=\box33
\UL@skip=\skip57
\UL@hook=\toks23
\UL@height=\dimen128
\UL@pe=\count120
\UL@pixel=\dimen129
\ULC@box=\box34
Package: ulem 2012/05/18
\ULdepth=\dimen130
)
(/usr/local/texlive/2015/texmf-dist/tex/latex/graphics/color.sty
Package: color 2014/10/28 v1.1a Standard LaTeX Color (DPC)

(/usr/local/texlive/2015/texmf-dist/tex/latex/latexconfig/color.cfg
File: color.cfg 2007/01/18 v1.5 color configuration of teTeX/TeXLive
)
Package color Info: Driver file: pdftex.def on input line 142.
)
(./diff.aux

LaTeX Warning: Label `eq:Gram_element' multiply defined.


LaTeX Warning: Label `eq:VGG_weights' multiply defined.

)
\openout1 = `diff.aux'.

LaTeX Font Info:    Checking defaults for OML/cmm/m/it on input line 70.
LaTeX Font Info:    ... okay on input line 70.
LaTeX Font Info:    Checking defaults for T1/cmr/m/n on input line 70.
LaTeX Font Info:    ... okay on input line 70.
LaTeX Font Info:    Checking defaults for OT1/cmr/m/n on input line 70.
LaTeX Font Info:    ... okay on input line 70.
LaTeX Font Info:    Checking defaults for OMS/cmsy/m/n on input line 70.
LaTeX Font Info:    ... okay on input line 70.
LaTeX Font Info:    Checking defaults for OMX/cmex/m/n on input line 70.
LaTeX Font Info:    ... okay on input line 70.
LaTeX Font Info:    Checking defaults for U/cmr/m/n on input line 70.
LaTeX Font Info:    ... okay on input line 70.
LaTeX Font Info:    Checking defaults for PD1/pdf/m/n on input line 70.
LaTeX Font Info:    ... okay on input line 70.
LaTeX Font Info:    Try loading font information for OT1+ptm on input line 70.
 (/usr/local/texlive/2015/texmf-dist/tex/latex/psnfss/ot1ptm.fd
File: ot1ptm.fd 2001/06/04 font definitions for OT1/ptm.
)
ABD: EveryShipout initializing macros
(/usr/local/texlive/2015/texmf-dist/tex/context/base/supp-pdf.mkii
[Loading MPS to PDF converter (version 2006.09.02).]
\scratchcounter=\count121
\scratchdimen=\dimen131
\scratchbox=\box35
\nofMPsegments=\count122
\nofMParguments=\count123
\everyMPshowfont=\toks24
\MPscratchCnt=\count124
\MPscratchDim=\dimen132
\MPnumerator=\count125
\makeMPintoPDFobject=\count126
\everyMPtoPDFconversion=\toks25
) (/usr/local/texlive/2015/texmf-dist/tex/latex/oberdiek/epstopdf-base.sty
Package: epstopdf-base 2010/02/09 v2.5 Base part for package epstopdf

(/usr/local/texlive/2015/texmf-dist/tex/latex/oberdiek/grfext.sty
Package: grfext 2010/08/19 v1.1 Manage graphics extensions (HO)
)
Package grfext Info: Graphics extension search list:
(grfext)             [.png,.pdf,.jpg,.mps,.jpeg,.jbig2,.jb2,.PNG,.PDF,.JPG,.JPE
G,.JBIG2,.JB2,.eps]
(grfext)             \AppendGraphicsExtensions on input line 452.

(/usr/local/texlive/2015/texmf-dist/tex/latex/latexconfig/epstopdf-sys.cfg
File: epstopdf-sys.cfg 2010/07/13 v1.3 Configuration of (r)epstopdf for TeX Liv
e
))
\AtBeginShipoutBox=\box36
Package atbegshi Info: Package `everyshi' patched.
Package hyperref Info: Link coloring ON on input line 70.

(/usr/local/texlive/2015/texmf-dist/tex/latex/hyperref/nameref.sty
Package: nameref 2012/10/27 v2.43 Cross-referencing by name of section

(/usr/local/texlive/2015/texmf-dist/tex/generic/oberdiek/gettitlestring.sty
Package: gettitlestring 2010/12/03 v1.4 Cleanup title references (HO)
)
\c@section@level=\count127
)
LaTeX Info: Redefining \ref on input line 70.
LaTeX Info: Redefining \pageref on input line 70.
LaTeX Info: Redefining \nameref on input line 70.
LaTeX Font Info:    Font shape `OT1/ptm/bx/n' in size <14.4> not available
(Font)              Font shape `OT1/ptm/b/n' tried instead on input line 93.
LaTeX Font Info:    Try loading font information for U+msa on input line 93.

(/usr/local/texlive/2015/texmf-dist/tex/latex/amsfonts/umsa.fd
File: umsa.fd 2013/01/14 v3.01 AMS symbols A
)
LaTeX Font Info:    Try loading font information for U+msb on input line 93.

(/usr/local/texlive/2015/texmf-dist/tex/latex/amsfonts/umsb.fd
File: umsb.fd 2013/01/14 v3.01 AMS symbols B
)
LaTeX Font Info:    Font shape `OT1/ptm/bx/n' in size <12> not available
(Font)              Font shape `OT1/ptm/b/n' tried instead on input line 95.

Underfull \hbox (badness 1194) in paragraph at lines 97--102
|   []   |   []   |   []   |   []   |   []   |   []   []\OT1/ptm/m/it/10 In thi
s pa-
 []


Package hyperref Warning: Ignoring empty anchor on input line 211.

LaTeX Font Info:    Font shape `OT1/ptm/bx/n' in size <10> not available
(Font)              Font shape `OT1/ptm/b/n' tried instead on input line 223.

LaTeX Warning: Reference `fig:example_comp' on page 1 undefined on input line 2
23.


LaTeX Warning: Reference `fig:example_comp' on page 1 undefined on input line 2
24.


LaTeX Warning: Reference `fig:example_comp' on page 1 undefined on input line 2
31.


LaTeX Warning: Reference `fig:example_comp' on page 1 undefined on input line 2
33.


LaTeX Warning: Reference `fig:example_comp' on page 1 undefined on input line 2
34.


LaTeX Warning: Reference `fig:example_comp' on page 1 undefined on input line 2
34.

LaTeX Font Info:    Try loading font information for OT1+phv on input line 236.

(/usr/local/texlive/2015/texmf-dist/tex/latex/psnfss/ot1phv.fd
File: ot1phv.fd 2001/06/04 scalable font definitions for OT1/phv.
) [1{/usr/local/texlive/2015/texmf-var/fonts/map/pdftex/updmap/pdftex.map}


]

LaTeX Warning: Reference `fig:example_comp' on page 2 undefined on input line 2
38.


Underfull \vbox (badness 5050) has occurred while \output is active []


Underfull \hbox (badness 1028) in paragraph at lines 314--316
|   []   |   []   |   []   |   []   |   []   |   []   |   []
 []


Underfull \hbox (badness 2512) in paragraph at lines 316--316
[] \elvbf . []|   []   |   []   |   []   |   []   |   []
 []

[2pdfTeX warning (ext4): destination with the same identifier (name{subsection.
2.2}) has been already used, duplicate ignored

\@EveryShipout@Output ...@Org@Shipout \box \@cclv 
                                                  
l.330 
      ]

LaTeX Warning: Reference `fig:overview' on page 3 undefined on input line 386.


Underfull \hbox (badness 1019) in paragraph at lines 409--414
[]|   []   |   []   |   []   |   []   |   []   |   []   |   []   |   []
 []


LaTeX Warning: Reference `fig:content_NN' on page 3 undefined on input line 416
.

[3pdfTeX warning (ext4): destination with the same identifier (name{section.3})
 has been already used, duplicate ignored

\@EveryShipout@Output ...@Org@Shipout \box \@cclv 
                                                  
l.418 \section{\DIFadd{Content Image Generation}}
                                                 ]

LaTeX Warning: Reference `fig:content_NN' on page 4 undefined on input line 420
.


LaTeX Warning: Reference `fig:content_NN' on page 4 undefined on input line 420
.


LaTeX Warning: Reference `fig:pyramidcolumn' on page 4 undefined on input line 
449.

LaTeX Font Info:    Try loading font information for OMS+ptm on input line 452.

(/usr/local/texlive/2015/texmf-dist/tex/latex/psnfss/omsptm.fd
File: omsptm.fd 
)
LaTeX Font Info:    Font shape `OMS/ptm/m/n' in size <10> not available
(Font)              Font shape `OMS/cmsy/m/n' tried instead on input line 452.

Underfull \hbox (badness 1565) in paragraph at lines 449--452
|   []   |   []   |   []   |   []   |   []   |   []   |   []   |   []
 []


Underfull \hbox (badness 1527) in paragraph at lines 449--452
|   []   |   []   |   []   |   []   |   []   |   []   |   []   |   []   |   [] 
  |   []
 []


Overfull \hbox (12.65654pt too wide) detected at line 462
[][][][][][][][][]
 []


Underfull \hbox (badness 1009) in paragraph at lines 462--465
[]|   []   |   []   |   []   |   []   |   []   |   []
 []


Underfull \hbox (badness 3780) in paragraph at lines 462--465
|   []   |   []   |   []   |   []
 []


Underfull \hbox (badness 1028) in paragraph at lines 462--465
|   []   |   []   |   []   |   []   |   []   |   []   |   []   |   []   |   []
 []

Missing character: There is no ï in font ptmr7t!
Missing character: There is no ¼ in font ptmr7t!
Missing character: There is no Œ in font ptmr7t!

LaTeX Warning: Reference `fig:pyramidcolumn' on page 4 undefined on input line 
474.

[4]

LaTeX Warning: Reference `fig:boarder_example' on page 5 undefined on input lin
e 525.


Underfull \hbox (badness 2600) in paragraph at lines 522--527
 [][]|   []   |   []   |   [][][] []|   []   |   []   |   []
 []


Underfull \hbox (badness 1454) in paragraph at lines 522--527
[]|   []   |   []   |   []   |   []   |   []   |   []   |   []   |   []
 []


Overfull \hbox (24.05336pt too wide) detected at line 540
[]\OMS/cmsy/m/n/10 L[]\OML/cmm/m/it/10 autoref\OT1/cmr/m/n/10 (\OMS/cmsy/m/n/10
 X\OT1/cmr/m/n/10 ) = [] []
 []


Overfull \hbox (72.0902pt too wide) detected at line 545
[]\OMS/cmsy/m/n/10 L[]\OML/cmm/m/it/10 autoref\OT1/cmr/m/n/10 (\OMS/cmsy/m/n/10
 X\OT1/cmr/m/n/10 ) = \OML/cmm/m/it/10 autoref\OMS/cmsy/m/n/10 k[]k[]\OML/cmm/m
/it/10 :
 []

[5]
Overfull \hbox (24.6992pt too wide) detected at line 550
[]\OMS/cmsy/m/n/10 L[]\OML/cmm/m/it/10 autoref\OT1/cmr/m/n/10 (\OMS/cmsy/m/n/10
 X\OT1/cmr/m/n/10 ) = [] []
 []


Underfull \hbox (badness 10000) in paragraph at lines 628--629
[]|   []   |   []   |   []   |   []   |   []   |   []   |   []   |   []
 []


Underfull \hbox (badness 1194) in paragraph at lines 632--651
|   []   |   []   |   []   |   []   |   []   |   []   |   []   |   []   |   [] 
  |   []
 []


Underfull \hbox (badness 1533) in paragraph at lines 632--651
|   []   |   []   |   []   |   []   |   []   |   []   |   []   |   []   |   []
 []


Overfull \hbox (0.5443pt too wide) in paragraph at lines 667--667
 []||   [] 
 []


Overfull \hbox (0.5443pt too wide) in paragraph at lines 667--667
 []||   [] 
 []


Overfull \hbox (5.0443pt too wide) in paragraph at lines 667--667
 []||   [] 
 []


Overfull \hbox (0.5443pt too wide) in paragraph at lines 667--667
 []||   [] 
 []


Overfull \hbox (0.5443pt too wide) in paragraph at lines 667--667
 []||   [] 
 []


Overfull \hbox (5.0443pt too wide) in paragraph at lines 667--668
 []||   [] 
 []


Overfull \hbox (6.53833pt too wide) in paragraph at lines 669--669
 []||   [] 
 []


Overfull \hbox (6.53833pt too wide) in paragraph at lines 669--669
 []||   [] 
 []


Overfull \hbox (6.53833pt too wide) in paragraph at lines 669--670
 []||   [] 
 []


Overfull \hbox (13.28833pt too wide) in paragraph at lines 670--670
 []||   [] 
 []


Overfull \hbox (13.28833pt too wide) in paragraph at lines 670--670
 []||   [] 
 []


Overfull \hbox (11.03833pt too wide) in paragraph at lines 670--670
 []||   [] 
 []


Overfull \hbox (6.53833pt too wide) in paragraph at lines 670--670
 []||   [] 
 []


Overfull \hbox (6.53833pt too wide) in paragraph at lines 670--670
 []||   [] 
 []


Overfull \hbox (6.53833pt too wide) in paragraph at lines 670--671
 []||   [] 
 []


Overfull \hbox (13.28833pt too wide) in paragraph at lines 671--671
 []||   [] 
 []


Overfull \hbox (13.28833pt too wide) in paragraph at lines 671--671
 []||   [] 
 []


Overfull \hbox (11.03833pt too wide) in paragraph at lines 671--671
 []||   [] 
 []


Overfull \hbox (6.53833pt too wide) in paragraph at lines 671--671
 []||   [] 
 []


Overfull \hbox (6.53833pt too wide) in paragraph at lines 671--671
 []||   [] 
 []


Overfull \hbox (6.53833pt too wide) in paragraph at lines 671--672
 []||   [] 
 []


Overfull \hbox (13.28833pt too wide) in paragraph at lines 672--672
 []||   [] 
 []


Overfull \hbox (13.28833pt too wide) in paragraph at lines 672--672
 []||   [] 
 []


Overfull \hbox (11.03833pt too wide) in paragraph at lines 672--672
 []||   [] 
 []


Overfull \hbox (6.53833pt too wide) in paragraph at lines 672--672
 []||   [] 
 []


Overfull \hbox (6.53833pt too wide) in paragraph at lines 672--672
 []||   [] 
 []


Overfull \hbox (6.53833pt too wide) in paragraph at lines 672--673
 []||   [] 
 []


Overfull \hbox (13.28833pt too wide) in paragraph at lines 673--673
 []||   [][][]|   [][]| 
 []


Overfull \hbox (13.28833pt too wide) in paragraph at lines 673--673
 []||   [][][]|   [][]| 
 []


Overfull \hbox (11.03833pt too wide) in paragraph at lines 673--673
 []||   [][][]|   [][]| 
 []


Overfull \hbox (6.53833pt too wide) in paragraph at lines 673--673
 []||   [][][]|   [][]| 
 []


Overfull \hbox (6.53833pt too wide) in paragraph at lines 673--673
 []||   [][][]|   [][]| 
 []


Overfull \hbox (6.53833pt too wide) in paragraph at lines 673--674
 []||   [][][]|   [][]| 
 []


Overfull \hbox (12.74272pt too wide) in paragraph at lines 664--676
[][] 
 []


Underfull \hbox (badness 10000) in paragraph at lines 662--680
[]|   []   |   []   |   []   |   []   |   []   |   []
 []


Underfull \hbox (badness 10000) in paragraph at lines 662--680
|   []   |   []   |   []   |   []   |   []   |   []
 []


Underfull \hbox (badness 1097) in paragraph at lines 662--680
|   []   |   []   |   []   |   []   |   []   |   []   |   []
 []


Underfull \hbox (badness 1769) in paragraph at lines 662--680
|   []   |   []   |   []   |   []   |   []   |   []   |   []   |   []
 []


Underfull \hbox (badness 1571) in paragraph at lines 662--680
|   []   |   []   |   []   |   []   |   []   |   []   |   []   |   []
 []


Underfull \hbox (badness 1292) in paragraph at lines 662--680
|   []   |   []   |   []   |   []   |   []   |   []   |   []   |   []   |   []
 []


Underfull \hbox (badness 1348) in paragraph at lines 662--680
|   []   |   []   |   []   |   []   |   []   |   []   |   []   |   []
 []


LaTeX Warning: Reference `fig:q_eval_1' on page 6 undefined on input line 789.


LaTeX Warning: Reference `fig:q_eval_2' on page 6 undefined on input line 789.

[6pdfTeX warning (ext4): destination with the same identifier (name{subsection.
7.1}) has been already used, duplicate ignored

\@EveryShipout@Output ...@Org@Shipout \box \@cclv 
                                                  
l.790 ...tion{\DIFadd{Effectiveness of the model}}
                                                  ]

LaTeX Warning: Reference `fig:region_effect' on page 7 undefined on input line 
793.


LaTeX Warning: Reference `fig:alphg_effect' on page 7 undefined on input line 7
93.


Underfull \hbox (badness 1320) in paragraph at lines 793--794
|   []   |   []   |   []   |   []   |   []   |   []   |   []   |   []
 []

pdfTeX warning (ext4): destination with the same identifier (name{section.8}) h
as been already used, duplicate ignored
<to be read again> 
                   \relax 
l.794 ...tion{\DIFadd{Conclusion and Future Work}}
                                                  
Underfull \hbox (badness 1509) in paragraph at lines 796--797
[]|   []   |   []   |   []   |   []   |   []   |   []   |   []   |   []
 []


Underfull \hbox (badness 2418) in paragraph at lines 796--797
|   []   |   []   |   []   |   []   |   []   |   []   |   []   |   []
 []

(./diff.bbl (./diff.brf)
\tf@brf=\write3
\openout3 = `diff.brf'.

LaTeX Font Info:    Font shape `OT1/ptm/bx/n' in size <9> not available
(Font)              Font shape `OT1/ptm/b/n' tried instead on input line 62.
 [7]
Underfull \hbox (badness 2922) in paragraph at lines 74--74
[]\OT1/ptm/m/n/9 C. Szegedy, W. Liu, Y. Jia, P. Ser-manet, S. Reed,
 []

)
Package atveryend Info: Empty hook `BeforeClearDocument' on input line 804.
 [8

]
Package atveryend Info: Empty hook `AfterLastShipout' on input line 804.
 (./diff.aux)
Package atveryend Info: Executing hook `AtVeryEndDocument' on input line 804.
Package atveryend Info: Executing hook `AtEndAfterFileList' on input line 804.
Package rerunfilecheck Info: File `diff.brf' has not changed.
(rerunfilecheck)             Checksum: 67353043598B805F8A3B6B9E54BA08BB;3623.


LaTeX Warning: There were undefined references.


LaTeX Warning: There were multiply-defined labels.

Package atveryend Info: Empty hook `AtVeryVeryEnd' on input line 804.
 ) 
Here is how much of TeX's memory you used:
 6998 strings out of 493089
 100848 string characters out of 6134841
 308040 words of memory out of 5000000
 10299 multiletter control sequences out of 15000+600000
 35690 words of font info for 78 fonts, out of 8000000 for 9000
 1141 hyphenation exceptions out of 8191
 41i,13n,30p,2053b,468s stack positions out of 5000i,500n,10000p,200000b,80000s
{/usr/local/texlive/2015/texmf-dist/fonts/enc/dvips/base/8r.enc}</usr/local/t
exlive/2015/texmf-dist/fonts/type1/public/amsfonts/cm/cmex10.pfb></usr/local/te
xlive/2015/texmf-dist/fonts/type1/public/amsfonts/cm/cmmi10.pfb></usr/local/tex
live/2015/texmf-dist/fonts/type1/public/amsfonts/cm/cmmi5.pfb></usr/local/texli
ve/2015/texmf-dist/fonts/type1/public/amsfonts/cm/cmmi7.pfb></usr/local/texlive
/2015/texmf-dist/fonts/type1/public/amsfonts/cm/cmmi9.pfb></usr/local/texlive/2
015/texmf-dist/fonts/type1/public/amsfonts/cm/cmr10.pfb></usr/local/texlive/201
5/texmf-dist/fonts/type1/public/amsfonts/cm/cmr7.pfb></usr/local/texlive/2015/t
exmf-dist/fonts/type1/public/amsfonts/cm/cmr9.pfb></usr/local/texlive/2015/texm
f-dist/fonts/type1/public/amsfonts/cm/cmsy10.pfb></usr/local/texlive/2015/texmf
-dist/fonts/type1/public/amsfonts/cm/cmsy7.pfb></usr/local/texlive/2015/texmf-d
ist/fonts/type1/public/amsfonts/latxfont/lasy6.pfb></usr/local/texlive/2015/tex
mf-dist/fonts/type1/urw/helvetic/uhvb8a.pfb></usr/local/texlive/2015/texmf-dist
/fonts/type1/urw/helvetic/uhvr8a.pfb></usr/local/texlive/2015/texmf-dist/fonts/
type1/urw/times/utmb8a.pfb></usr/local/texlive/2015/texmf-dist/fonts/type1/urw/
times/utmr8a.pfb></usr/local/texlive/2015/texmf-dist/fonts/type1/urw/times/utmr
i8a.pfb>
Output written on diff.pdf (8 pages, 264306 bytes).
PDF statistics:
 307 PDF objects out of 1000 (max. 8388607)
 278 compressed objects within 3 object streams
 57 named destinations out of 1000 (max. 500000)
 1 words of extra memory for PDF output out of 10000 (max. 10000000)

